[0.244s] DEBUG:colcon:Command line arguments: ['/home/glory/.local/bin/colcon', 'build']
[0.244s] DEBUG:colcon:Parsed command line arguments: Namespace(log_base=None, log_level=None, verb_name='build', build_base='build', install_base='install', merge_install=False, symlink_install=False, test_result_base=None, continue_on_error=False, executor='parallel', parallel_workers=4, event_handlers=None, ignore_user_meta=False, metas=['./colcon.meta'], base_paths=['.'], packages_ignore=None, packages_ignore_regex=None, paths=None, packages_up_to=None, packages_up_to_regex=None, packages_above=None, packages_above_and_dependencies=None, packages_above_depth=None, packages_select_by_dep=None, packages_skip_by_dep=None, packages_skip_up_to=None, packages_select_build_failed=False, packages_skip_build_finished=False, packages_select_test_failures=False, packages_skip_test_passed=False, packages_select=None, packages_skip=None, packages_select_regex=None, packages_skip_regex=None, packages_start=None, packages_end=None, allow_overriding=[], cmake_args=None, cmake_target=None, cmake_target_skip_unavailable=False, cmake_clean_cache=False, cmake_clean_first=False, cmake_force_configure=False, ament_cmake_args=None, catkin_cmake_args=None, catkin_skip_building_tests=False, verb_parser=<colcon_defaults.argument_parser.defaults.DefaultArgumentsDecorator object at 0x7eb579d7a110>, verb_extension=<colcon_core.verb.build.BuildVerb object at 0x7eb579e4f340>, main=<bound method BuildVerb.main of <colcon_core.verb.build.BuildVerb object at 0x7eb579e4f340>>)
[0.304s] Level 1:colcon.colcon_core.package_discovery:discover_packages(colcon_meta) check parameters
[0.304s] Level 1:colcon.colcon_core.package_discovery:discover_packages(recursive) check parameters
[0.304s] Level 1:colcon.colcon_core.package_discovery:discover_packages(ignore) check parameters
[0.304s] Level 1:colcon.colcon_core.package_discovery:discover_packages(path) check parameters
[0.305s] Level 1:colcon.colcon_core.package_discovery:discover_packages(colcon_meta) discover
[0.305s] Level 1:colcon.colcon_core.package_discovery:discover_packages(recursive) discover
[0.305s] INFO:colcon.colcon_core.package_discovery:Crawling recursively for packages in '/home/glory/ros2_ws'
[0.305s] Level 1:colcon.colcon_core.package_identification:_identify(.) by extensions ['ignore', 'ignore_ament_install']
[0.305s] Level 1:colcon.colcon_core.package_identification:_identify(.) by extension 'ignore'
[0.305s] Level 1:colcon.colcon_core.package_identification:_identify(.) by extension 'ignore_ament_install'
[0.306s] Level 1:colcon.colcon_core.package_identification:_identify(.) by extensions ['colcon_pkg']
[0.306s] Level 1:colcon.colcon_core.package_identification:_identify(.) by extension 'colcon_pkg'
[0.306s] Level 1:colcon.colcon_core.package_identification:_identify(.) by extensions ['colcon_meta']
[0.306s] Level 1:colcon.colcon_core.package_identification:_identify(.) by extension 'colcon_meta'
[0.306s] Level 1:colcon.colcon_core.package_identification:_identify(.) by extensions ['ros']
[0.306s] Level 1:colcon.colcon_core.package_identification:_identify(.) by extension 'ros'
[0.325s] Level 1:colcon.colcon_core.package_identification:_identify(.) by extensions ['cmake', 'python']
[0.325s] Level 1:colcon.colcon_core.package_identification:_identify(.) by extension 'cmake'
[0.325s] Level 1:colcon.colcon_core.package_identification:_identify(.) by extension 'python'
[0.325s] Level 1:colcon.colcon_core.package_identification:_identify(.) by extensions ['python_setup_py']
[0.325s] Level 1:colcon.colcon_core.package_identification:_identify(.) by extension 'python_setup_py'
[0.326s] Level 1:colcon.colcon_core.package_identification:_identify(build) by extensions ['ignore', 'ignore_ament_install']
[0.326s] Level 1:colcon.colcon_core.package_identification:_identify(build) by extension 'ignore'
[0.326s] Level 1:colcon.colcon_core.package_identification:_identify(build) ignored
[0.326s] Level 1:colcon.colcon_core.package_identification:_identify(install) by extensions ['ignore', 'ignore_ament_install']
[0.326s] Level 1:colcon.colcon_core.package_identification:_identify(install) by extension 'ignore'
[0.326s] Level 1:colcon.colcon_core.package_identification:_identify(install) ignored
[0.327s] Level 1:colcon.colcon_core.package_identification:_identify(log) by extensions ['ignore', 'ignore_ament_install']
[0.327s] Level 1:colcon.colcon_core.package_identification:_identify(log) by extension 'ignore'
[0.327s] Level 1:colcon.colcon_core.package_identification:_identify(log) ignored
[0.327s] Level 1:colcon.colcon_core.package_identification:_identify(src) by extensions ['ignore', 'ignore_ament_install']
[0.327s] Level 1:colcon.colcon_core.package_identification:_identify(src) by extension 'ignore'
[0.327s] Level 1:colcon.colcon_core.package_identification:_identify(src) by extension 'ignore_ament_install'
[0.327s] Level 1:colcon.colcon_core.package_identification:_identify(src) by extensions ['colcon_pkg']
[0.327s] Level 1:colcon.colcon_core.package_identification:_identify(src) by extension 'colcon_pkg'
[0.327s] Level 1:colcon.colcon_core.package_identification:_identify(src) by extensions ['colcon_meta']
[0.327s] Level 1:colcon.colcon_core.package_identification:_identify(src) by extension 'colcon_meta'
[0.327s] Level 1:colcon.colcon_core.package_identification:_identify(src) by extensions ['ros']
[0.327s] Level 1:colcon.colcon_core.package_identification:_identify(src) by extension 'ros'
[0.327s] Level 1:colcon.colcon_core.package_identification:_identify(src) by extensions ['cmake', 'python']
[0.327s] Level 1:colcon.colcon_core.package_identification:_identify(src) by extension 'cmake'
[0.328s] Level 1:colcon.colcon_core.package_identification:_identify(src) by extension 'python'
[0.328s] Level 1:colcon.colcon_core.package_identification:_identify(src) by extensions ['python_setup_py']
[0.328s] Level 1:colcon.colcon_core.package_identification:_identify(src) by extension 'python_setup_py'
[0.328s] Level 1:colcon.colcon_core.package_discovery:discover_packages(recursive) using defaults
[0.328s] Level 1:colcon.colcon_core.package_discovery:discover_packages(ignore) discover
[0.328s] Level 1:colcon.colcon_core.package_discovery:discover_packages(ignore) using defaults
[0.328s] Level 1:colcon.colcon_core.package_discovery:discover_packages(path) discover
[0.328s] Level 1:colcon.colcon_core.package_discovery:discover_packages(path) using defaults
[0.367s] Level 1:colcon.colcon_core.package_discovery:discover_packages(prefix_path) check parameters
[0.367s] Level 1:colcon.colcon_core.package_discovery:discover_packages(prefix_path) discover
[0.373s] DEBUG:colcon.colcon_installed_package_information.package_discovery:Found 276 installed packages in /opt/ros/humble
[0.375s] Level 1:colcon.colcon_core.package_discovery:discover_packages(prefix_path) using defaults
[0.431s] INFO:colcon.colcon_core.executor:Executing jobs using 'parallel' executor
[0.432s] DEBUG:colcon.colcon_parallel_executor.executor.parallel:run_until_complete
[0.432s] DEBUG:colcon.colcon_parallel_executor.executor.parallel:closing loop
[0.433s] DEBUG:colcon.colcon_parallel_executor.executor.parallel:loop closed
[0.433s] DEBUG:colcon.colcon_parallel_executor.executor.parallel:run_until_complete finished with '0'
[0.433s] DEBUG:colcon.colcon_core.event_reactor:joining thread
[0.440s] INFO:colcon.colcon_core.plugin_system:Skipping extension 'colcon_notification.desktop_notification.terminal_notifier': Not used on non-Darwin systems
[0.441s] INFO:colcon.colcon_core.plugin_system:Skipping extension 'colcon_notification.desktop_notification.win32': Not used on non-Windows systems
[0.441s] INFO:colcon.colcon_notification.desktop_notification:Sending desktop notification using 'notify2'
[0.463s] DEBUG:colcon.colcon_core.event_reactor:joined thread
[0.467s] ERROR:colcon.colcon_core.extension_point:Exception loading extension 'colcon_core.shell.zsh': cannot import name 'OVERRIDE_OPT' from 'em' (/home/glory/.local/bin/em.py) The Python package 'empy' must be installed and 'em' must not be installed since both packages share the same namespace
Traceback (most recent call last):
  File "/home/glory/.local/lib/python3.10/site-packages/colcon_core/extension_point.py", line 169, in load_extension_points
    extension_type = load_extension_point(name, value, group)
  File "/home/glory/.local/lib/python3.10/site-packages/colcon_core/extension_point.py", line 210, in load_extension_point
    return EntryPoint(name, value, group).load()
  File "/usr/lib/python3.10/importlib/metadata/__init__.py", line 171, in load
    module = import_module(match.group('module'))
  File "/usr/lib/python3.10/importlib/__init__.py", line 126, in import_module
    return _bootstrap._gcd_import(name[level:], package, level)
  File "<frozen importlib._bootstrap>", line 1050, in _gcd_import
  File "<frozen importlib._bootstrap>", line 1027, in _find_and_load
  File "<frozen importlib._bootstrap>", line 1006, in _find_and_load_unlocked
  File "<frozen importlib._bootstrap>", line 688, in _load_unlocked
  File "<frozen importlib._bootstrap_external>", line 883, in exec_module
  File "<frozen importlib._bootstrap>", line 241, in _call_with_frames_removed
  File "/home/glory/.local/lib/python3.10/site-packages/colcon_zsh/shell/zsh.py", line 13, in <module>
    from colcon_core.shell.template import expand_template
  File "/home/glory/.local/lib/python3.10/site-packages/colcon_core/shell/template/__init__.py", line 19, in <module>
    raise e from None
  File "/home/glory/.local/lib/python3.10/site-packages/colcon_core/shell/template/__init__.py", line 10, in <module>
    from em import OVERRIDE_OPT
ImportError: cannot import name 'OVERRIDE_OPT' from 'em' (/home/glory/.local/bin/em.py) The Python package 'empy' must be installed and 'em' must not be installed since both packages share the same namespace

[0.469s] ERROR:colcon.colcon_core.extension_point:Exception loading extension 'colcon_core.shell.powershell': cannot import name 'OVERRIDE_OPT' from 'em' (/home/glory/.local/bin/em.py) The Python package 'empy' must be installed and 'em' must not be installed since both packages share the same namespace
Traceback (most recent call last):
  File "/home/glory/.local/lib/python3.10/site-packages/colcon_core/extension_point.py", line 169, in load_extension_points
    extension_type = load_extension_point(name, value, group)
  File "/home/glory/.local/lib/python3.10/site-packages/colcon_core/extension_point.py", line 210, in load_extension_point
    return EntryPoint(name, value, group).load()
  File "/usr/lib/python3.10/importlib/metadata/__init__.py", line 171, in load
    module = import_module(match.group('module'))
  File "/usr/lib/python3.10/importlib/__init__.py", line 126, in import_module
    return _bootstrap._gcd_import(name[level:], package, level)
  File "<frozen importlib._bootstrap>", line 1050, in _gcd_import
  File "<frozen importlib._bootstrap>", line 1027, in _find_and_load
  File "<frozen importlib._bootstrap>", line 1006, in _find_and_load_unlocked
  File "<frozen importlib._bootstrap>", line 688, in _load_unlocked
  File "<frozen importlib._bootstrap_external>", line 883, in exec_module
  File "<frozen importlib._bootstrap>", line 241, in _call_with_frames_removed
  File "/home/glory/.local/lib/python3.10/site-packages/colcon_powershell/shell/powershell.py", line 17, in <module>
    from colcon_core.shell.template import expand_template
  File "/home/glory/.local/lib/python3.10/site-packages/colcon_core/shell/template/__init__.py", line 19, in <module>
    raise e from None
  File "/home/glory/.local/lib/python3.10/site-packages/colcon_core/shell/template/__init__.py", line 10, in <module>
    from em import OVERRIDE_OPT
ImportError: cannot import name 'OVERRIDE_OPT' from 'em' (/home/glory/.local/bin/em.py) The Python package 'empy' must be installed and 'em' must not be installed since both packages share the same namespace

[0.471s] ERROR:colcon.colcon_core.extension_point:Exception loading extension 'colcon_core.shell.bat': cannot import name 'OVERRIDE_OPT' from 'em' (/home/glory/.local/bin/em.py) The Python package 'empy' must be installed and 'em' must not be installed since both packages share the same namespace
Traceback (most recent call last):
  File "/home/glory/.local/lib/python3.10/site-packages/colcon_core/extension_point.py", line 169, in load_extension_points
    extension_type = load_extension_point(name, value, group)
  File "/home/glory/.local/lib/python3.10/site-packages/colcon_core/extension_point.py", line 210, in load_extension_point
    return EntryPoint(name, value, group).load()
  File "/usr/lib/python3.10/importlib/metadata/__init__.py", line 171, in load
    module = import_module(match.group('module'))
  File "/usr/lib/python3.10/importlib/__init__.py", line 126, in import_module
    return _bootstrap._gcd_import(name[level:], package, level)
  File "<frozen importlib._bootstrap>", line 1050, in _gcd_import
  File "<frozen importlib._bootstrap>", line 1027, in _find_and_load
  File "<frozen importlib._bootstrap>", line 1006, in _find_and_load_unlocked
  File "<frozen importlib._bootstrap>", line 688, in _load_unlocked
  File "<frozen importlib._bootstrap_external>", line 883, in exec_module
  File "<frozen importlib._bootstrap>", line 241, in _call_with_frames_removed
  File "/home/glory/.local/lib/python3.10/site-packages/colcon_core/shell/bat.py", line 15, in <module>
    from colcon_core.shell.template import expand_template
  File "/home/glory/.local/lib/python3.10/site-packages/colcon_core/shell/template/__init__.py", line 19, in <module>
    raise e from None
  File "/home/glory/.local/lib/python3.10/site-packages/colcon_core/shell/template/__init__.py", line 10, in <module>
    from em import OVERRIDE_OPT
ImportError: cannot import name 'OVERRIDE_OPT' from 'em' (/home/glory/.local/bin/em.py) The Python package 'empy' must be installed and 'em' must not be installed since both packages share the same namespace

[0.473s] ERROR:colcon.colcon_core.extension_point:Exception loading extension 'colcon_core.shell.dsv': cannot import name 'OVERRIDE_OPT' from 'em' (/home/glory/.local/bin/em.py) The Python package 'empy' must be installed and 'em' must not be installed since both packages share the same namespace
Traceback (most recent call last):
  File "/home/glory/.local/lib/python3.10/site-packages/colcon_core/extension_point.py", line 169, in load_extension_points
    extension_type = load_extension_point(name, value, group)
  File "/home/glory/.local/lib/python3.10/site-packages/colcon_core/extension_point.py", line 210, in load_extension_point
    return EntryPoint(name, value, group).load()
  File "/usr/lib/python3.10/importlib/metadata/__init__.py", line 171, in load
    module = import_module(match.group('module'))
  File "/usr/lib/python3.10/importlib/__init__.py", line 126, in import_module
    return _bootstrap._gcd_import(name[level:], package, level)
  File "<frozen importlib._bootstrap>", line 1050, in _gcd_import
  File "<frozen importlib._bootstrap>", line 1027, in _find_and_load
  File "<frozen importlib._bootstrap>", line 1006, in _find_and_load_unlocked
  File "<frozen importlib._bootstrap>", line 688, in _load_unlocked
  File "<frozen importlib._bootstrap_external>", line 883, in exec_module
  File "<frozen importlib._bootstrap>", line 241, in _call_with_frames_removed
  File "/home/glory/.local/lib/python3.10/site-packages/colcon_core/shell/dsv.py", line 9, in <module>
    from colcon_core.shell.template import expand_template
  File "/home/glory/.local/lib/python3.10/site-packages/colcon_core/shell/template/__init__.py", line 19, in <module>
    raise e from None
  File "/home/glory/.local/lib/python3.10/site-packages/colcon_core/shell/template/__init__.py", line 10, in <module>
    from em import OVERRIDE_OPT
ImportError: cannot import name 'OVERRIDE_OPT' from 'em' (/home/glory/.local/bin/em.py) The Python package 'empy' must be installed and 'em' must not be installed since both packages share the same namespace

[0.474s] ERROR:colcon.colcon_core.extension_point:Exception loading extension 'colcon_core.shell.sh': cannot import name 'OVERRIDE_OPT' from 'em' (/home/glory/.local/bin/em.py) The Python package 'empy' must be installed and 'em' must not be installed since both packages share the same namespace
Traceback (most recent call last):
  File "/home/glory/.local/lib/python3.10/site-packages/colcon_core/extension_point.py", line 169, in load_extension_points
    extension_type = load_extension_point(name, value, group)
  File "/home/glory/.local/lib/python3.10/site-packages/colcon_core/extension_point.py", line 210, in load_extension_point
    return EntryPoint(name, value, group).load()
  File "/usr/lib/python3.10/importlib/metadata/__init__.py", line 171, in load
    module = import_module(match.group('module'))
  File "/usr/lib/python3.10/importlib/__init__.py", line 126, in import_module
    return _bootstrap._gcd_import(name[level:], package, level)
  File "<frozen importlib._bootstrap>", line 1050, in _gcd_import
  File "<frozen importlib._bootstrap>", line 1027, in _find_and_load
  File "<frozen importlib._bootstrap>", line 1006, in _find_and_load_unlocked
  File "<frozen importlib._bootstrap>", line 688, in _load_unlocked
  File "<frozen importlib._bootstrap_external>", line 883, in exec_module
  File "<frozen importlib._bootstrap>", line 241, in _call_with_frames_removed
  File "/home/glory/.local/lib/python3.10/site-packages/colcon_core/shell/sh.py", line 15, in <module>
    from colcon_core.shell.template import expand_template
  File "/home/glory/.local/lib/python3.10/site-packages/colcon_core/shell/template/__init__.py", line 19, in <module>
    raise e from None
  File "/home/glory/.local/lib/python3.10/site-packages/colcon_core/shell/template/__init__.py", line 10, in <module>
    from em import OVERRIDE_OPT
ImportError: cannot import name 'OVERRIDE_OPT' from 'em' (/home/glory/.local/bin/em.py) The Python package 'empy' must be installed and 'em' must not be installed since both packages share the same namespace

[0.476s] ERROR:colcon.colcon_core.extension_point:Exception loading extension 'colcon_core.shell.bash': cannot import name 'OVERRIDE_OPT' from 'em' (/home/glory/.local/bin/em.py) The Python package 'empy' must be installed and 'em' must not be installed since both packages share the same namespace
Traceback (most recent call last):
  File "/home/glory/.local/lib/python3.10/site-packages/colcon_core/extension_point.py", line 169, in load_extension_points
    extension_type = load_extension_point(name, value, group)
  File "/home/glory/.local/lib/python3.10/site-packages/colcon_core/extension_point.py", line 210, in load_extension_point
    return EntryPoint(name, value, group).load()
  File "/usr/lib/python3.10/importlib/metadata/__init__.py", line 171, in load
    module = import_module(match.group('module'))
  File "/usr/lib/python3.10/importlib/__init__.py", line 126, in import_module
    return _bootstrap._gcd_import(name[level:], package, level)
  File "<frozen importlib._bootstrap>", line 1050, in _gcd_import
  File "<frozen importlib._bootstrap>", line 1027, in _find_and_load
  File "<frozen importlib._bootstrap>", line 1006, in _find_and_load_unlocked
  File "<frozen importlib._bootstrap>", line 688, in _load_unlocked
  File "<frozen importlib._bootstrap_external>", line 883, in exec_module
  File "<frozen importlib._bootstrap>", line 241, in _call_with_frames_removed
  File "/home/glory/.local/lib/python3.10/site-packages/colcon_bash/shell/bash.py", line 13, in <module>
    from colcon_core.shell.template import expand_template
  File "/home/glory/.local/lib/python3.10/site-packages/colcon_core/shell/template/__init__.py", line 19, in <module>
    raise e from None
  File "/home/glory/.local/lib/python3.10/site-packages/colcon_core/shell/template/__init__.py", line 10, in <module>
    from em import OVERRIDE_OPT
ImportError: cannot import name 'OVERRIDE_OPT' from 'em' (/home/glory/.local/bin/em.py) The Python package 'empy' must be installed and 'em' must not be installed since both packages share the same namespace

